<?xml version="1.0" encoding="UTF-8"?>
<robot generator="Robot 3.1.2 (Python 3.7.3 on win32)" generated="20190708 17:06:19.560" rpa="false">
<suite id="s1" name="SchemaValidation" source="C:\Users\anderson_benet\Documents\git_robotframework\demo_rest_schema\test\SchemaValidation.robot">
<test id="s1-t1" name="JSON Validation">
<kw name="Create Dictionary" library="BuiltIn">
<doc>Creates and returns a dictionary based on the given ``items``.</doc>
<arguments>
<arg>foo=bar</arg>
</arguments>
<assign>
<var>${good_json}</var>
</assign>
<msg timestamp="20190708 17:06:19.805" level="INFO">${good_json} = {'foo': 'bar'}</msg>
<status status="PASS" starttime="20190708 17:06:19.805" endtime="20190708 17:06:19.806"></status>
</kw>
<kw name="Create Dictionary" library="BuiltIn">
<doc>Creates and returns a dictionary based on the given ``items``.</doc>
<arguments>
<arg>foo=${1}</arg>
</arguments>
<assign>
<var>${bad_json}</var>
</assign>
<msg timestamp="20190708 17:06:19.806" level="INFO">${bad_json} = {'foo': 1}</msg>
<status status="PASS" starttime="20190708 17:06:19.806" endtime="20190708 17:06:19.807"></status>
</kw>
<kw name="Validate Json" library="JSONSchemaLibrary">
<doc>Validates the sample JSON against the given schema.</doc>
<arguments>
<arg>test.schema.json</arg>
<arg>${bad_json}</arg>
</arguments>
<msg timestamp="20190708 17:06:19.810" level="FAIL">ValidationError: Validation error for schema test.schema.json: 1 is not of type 'string'</msg>
<status status="FAIL" starttime="20190708 17:06:19.807" endtime="20190708 17:06:19.810"></status>
</kw>
<status status="FAIL" starttime="20190708 17:06:19.804" endtime="20190708 17:06:19.811" critical="yes">ValidationError: Validation error for schema test.schema.json: 1 is not of type 'string'</status>
</test>
<status status="FAIL" starttime="20190708 17:06:19.568" endtime="20190708 17:06:19.816"></status>
</suite>
<statistics>
<total>
<stat pass="0" fail="1">Critical Tests</stat>
<stat pass="0" fail="1">All Tests</stat>
</total>
<tag>
</tag>
<suite>
<stat pass="0" fail="1" id="s1" name="SchemaValidation">SchemaValidation</stat>
</suite>
</statistics>
<errors>
</errors>
</robot>
