<?xml version="1.0" encoding="UTF-8"?>
<robot generator="Robot 3.1.2 (Python 3.7.3 on win32)" generated="20190709 11:23:36.498" rpa="false">
<suite id="s1" name="BookTest" source="C:\Users\anderson_benet\Documents\git_robotframework\demo_rest_schema\test\BookTest.robot">
<test id="s1-t1" name="TC001: Validar busca books">
<kw name="Create Session" library="RequestsLibrary">
<doc>Create Session: create a HTTP session to a server</doc>
<arguments>
<arg>api</arg>
<arg>${url}</arg>
<arg>verify=True</arg>
</arguments>
<msg timestamp="20190709 11:23:37.147" level="INFO">Creating Session using : alias=api, url=https://fakerestapi.azurewebsites.net/authors, headers={},                     cookies=None, auth=None, timeout=None, proxies=None, verify=True,                     debug=0 </msg>
<status status="PASS" starttime="20190709 11:23:37.147" endtime="20190709 11:23:37.148"></status>
</kw>
<kw name="Get Request" library="RequestsLibrary">
<doc>Send a GET request on the session object found using the
given `alias`</doc>
<arguments>
<arg>api</arg>
<arg>/books/${id_book}</arg>
</arguments>
<assign>
<var>${response}</var>
</assign>
<msg timestamp="20190709 11:23:38.092" level="INFO">Get Request using : alias=api, uri=/books/1, headers=None json=None</msg>
<msg timestamp="20190709 11:23:38.093" level="INFO">${response} = &lt;Response [200]&gt;</msg>
<status status="PASS" starttime="20190709 11:23:37.152" endtime="20190709 11:23:38.093"></status>
</kw>
<kw name="Log" library="BuiltIn">
<doc>Logs the given message with the given level.</doc>
<arguments>
<arg>${response.json()[0]}</arg>
</arguments>
<msg timestamp="20190709 11:23:38.094" level="INFO">{'ID': 1, 'IDBook': 1, 'FirstName': 'First Name 1', 'LastName': 'Last Name 1'}</msg>
<status status="PASS" starttime="20190709 11:23:38.094" endtime="20190709 11:23:38.094"></status>
</kw>
<kw name="Log" library="BuiltIn">
<doc>Logs the given message with the given level.</doc>
<arguments>
<arg>${response.json()[0]["IDBook"]}</arg>
</arguments>
<msg timestamp="20190709 11:23:38.096" level="INFO">1</msg>
<status status="PASS" starttime="20190709 11:23:38.095" endtime="20190709 11:23:38.096"></status>
</kw>
<kw name="Validate Json" library="JSONSchemaLibrary">
<doc>Validates the sample JSON against the given schema.</doc>
<arguments>
<arg>autor_schema.json</arg>
<arg>${response.json()}</arg>
</arguments>
<status status="PASS" starttime="20190709 11:23:38.096" endtime="20190709 11:23:38.101"></status>
</kw>
<status status="PASS" starttime="20190709 11:23:37.145" endtime="20190709 11:23:38.102" critical="yes"></status>
</test>
<status status="PASS" starttime="20190709 11:23:36.510" endtime="20190709 11:23:38.105"></status>
</suite>
<statistics>
<total>
<stat pass="1" fail="0">Critical Tests</stat>
<stat pass="1" fail="0">All Tests</stat>
</total>
<tag>
</tag>
<suite>
<stat pass="1" fail="0" id="s1" name="BookTest">BookTest</stat>
</suite>
</statistics>
<errors>
</errors>
</robot>
